<?xml version="1.0" encoding="UTF-8"?>
<!-- Generated by org.testng.reporters.JUnitReportReporter -->
<testsuite hostname="MSI" failures="0" tests="1" name="testng.day1.TestngLeaf" time="16.262" errors="0" timestamp="2024-04-02T13:08:25 IST" skipped="0">
  <testcase classname="testng.day1.TestngLeaf" name="leaf" time="16.262"/>
  <system-out/>
</testsuite> <!-- testng.day1.TestngLeaf -->
