<?xml version="1.0" encoding="UTF-8"?>
<!-- Generated by org.testng.reporters.JUnitReportReporter -->
<testsuite hostname="MSI" failures="0" tests="1" name="testng.day1.LeafTabsLogin" time="10.352" errors="0" timestamp="2024-04-23T12:57:33 IST" skipped="0">
  <testcase classname="testng.day1.LeafTabsLogin" name="login" time="10.352"/>
  <system-out/>
</testsuite> <!-- testng.day1.LeafTabsLogin -->
