<?xml version="1.0" encoding="UTF-8"?>
<!-- Generated by org.testng.reporters.JUnitReportReporter -->
<testsuite hostname="MSI" failures="0" tests="1" name="testng.day1.LeafTabsCreateLead" time="12.724" errors="0" timestamp="2024-04-23T12:57:33 IST" skipped="0">
  <testcase classname="testng.day1.LeafTabsCreateLead" name="create" time="12.724"/>
  <system-out/>
</testsuite> <!-- testng.day1.LeafTabsCreateLead -->
