<?xml version="1.0" encoding="UTF-8"?>
<!-- Generated by org.testng.reporters.JUnitReportReporter -->
<testsuite hostname="MSI" failures="0" tests="1" name="testng.day1.TestngSauce" time="5.494" errors="0" timestamp="2024-04-02T13:08:25 IST" skipped="0">
  <testcase classname="testng.day1.TestngSauce" name="sauce" time="5.494"/>
  <system-out/>
</testsuite> <!-- testng.day1.TestngSauce -->
