<?xml version="1.0" encoding="UTF-8"?>
<!-- Generated by org.testng.reporters.JUnitReportReporter -->
<testsuite hostname="MSI" failures="0" tests="3" name="com.testng.SimpleAnnotations" time="0.010" errors="0" timestamp="2024-09-16T12:42:26 IST" skipped="0">
  <testcase classname="com.testng.SimpleAnnotations" name="women" time="0.001"/>
  <testcase classname="com.testng.SimpleAnnotations" name="men" time="0.003"/>
  <testcase classname="com.testng.SimpleAnnotations" name="child" time="0.006"/>
</testsuite> <!-- com.testng.SimpleAnnotations -->
